INFO: [VRFC 10-163] Analyzing VHDL file "C:/Users/kaden/project_2 - Calculator Datapath/project_2.srcs/sources_1/new/ALU_8b.vhd" into library xil_defaultlib
INFO: [VRFC 10-3107] analyzing entity 'ALU_8b'
INFO: [VRFC 10-163] Analyzing VHDL file "C:/Users/kaden/project_2 - Calculator Datapath/project_2.srcs/sources_1/new/Address_Sel.vhd" into library xil_defaultlib
INFO: [VRFC 10-3107] analyzing entity 'Address_Sel'
INFO: [VRFC 10-163] Analyzing VHDL file "C:/Users/kaden/project_2 - Calculator Datapath/project_2.srcs/sources_1/new/BlockMem.vhd" into library xil_defaultlib
INFO: [VRFC 10-3107] analyzing entity 'BlockMem'
INFO: [VRFC 10-163] Analyzing VHDL file "C:/Users/kaden/project_3/project_3.srcs/sources_1/new/Calculator.vhd" into library xil_defaultlib
INFO: [VRFC 10-3107] analyzing entity 'Calculator'
INFO: [VRFC 10-163] Analyzing VHDL file "C:/Users/kaden/project_3/project_3.srcs/sources_1/new/Command_Controller.vhd" into library xil_defaultlib
INFO: [VRFC 10-3107] analyzing entity 'Command_Controller'
INFO: [VRFC 10-163] Analyzing VHDL file "C:/Users/kaden/Garage_Door_Opener/Garage_Door_Opener.srcs/sources_1/new/D_flipflop.vhd" into library xil_defaultlib
INFO: [VRFC 10-3107] analyzing entity 'D_flipflop'
INFO: [VRFC 10-163] Analyzing VHDL file "C:/Users/kaden/project_2 - Calculator Datapath/project_2.srcs/sources_1/new/DataPath.vhd" into library xil_defaultlib
INFO: [VRFC 10-3107] analyzing entity 'DataPath'
INFO: [VRFC 10-163] Analyzing VHDL file "C:/Users/kaden/project_2 - Calculator Datapath/project_2.srcs/sources_1/new/Hold_8b.vhd" into library xil_defaultlib
INFO: [VRFC 10-3107] analyzing entity 'Hold_8b'
INFO: [VRFC 10-163] Analyzing VHDL file "C:/Users/kaden/project_2 - Calculator Datapath/project_2.srcs/sources_1/new/Loader_8b.vhd" into library xil_defaultlib
INFO: [VRFC 10-3107] analyzing entity 'Loader_8b'
INFO: [VRFC 10-163] Analyzing VHDL file "C:/Users/kaden/project_2 - Calculator Datapath/project_2.srcs/sources_1/new/MUX_8b.vhd" into library xil_defaultlib
INFO: [VRFC 10-3107] analyzing entity 'MUX_8b'
INFO: [VRFC 10-163] Analyzing VHDL file "C:/Users/kaden/project_2 - Calculator Datapath/project_2.srcs/sources_1/new/Memory_Input.vhd" into library xil_defaultlib
INFO: [VRFC 10-3107] analyzing entity 'Memory_Input'
INFO: [VRFC 10-163] Analyzing VHDL file "C:/Users/kaden/project_2 - Calculator Datapath/project_2.srcs/sources_1/new/TriSel_MUX.vhd" into library xil_defaultlib
INFO: [VRFC 10-3107] analyzing entity 'TriSel_MUX'
INFO: [VRFC 10-163] Analyzing VHDL file "C:/Users/kaden/project_2 - Calculator Datapath/project_2.srcs/sources_1/new/UI_MUX_4b.vhd" into library xil_defaultlib
INFO: [VRFC 10-3107] analyzing entity 'UI_MUX_4b'
INFO: [VRFC 10-163] Analyzing VHDL file "C:/Users/kaden/project_2 - Calculator Datapath/project_2.srcs/sources_1/new/UI_MUX_8b.vhd" into library xil_defaultlib
INFO: [VRFC 10-3107] analyzing entity 'UI_MUX_8b'
INFO: [VRFC 10-163] Analyzing VHDL file "C:/Users/kaden/project_2 - Calculator Datapath/project_2.srcs/sources_1/new/XOR_8b.vhd" into library xil_defaultlib
INFO: [VRFC 10-3107] analyzing entity 'XOR_8b'
INFO: [VRFC 10-163] Analyzing VHDL file "C:/Users/kaden/project_2 - Calculator Datapath/project_2.srcs/sources_1/new/accumulator_4b.vhd" into library xil_defaultlib
INFO: [VRFC 10-3107] analyzing entity 'accumulator_4bit'
INFO: [VRFC 10-163] Analyzing VHDL file "C:/Users/kaden/project_2 - Calculator Datapath/project_2.srcs/sources_1/new/accumulator_9bit.vhd" into library xil_defaultlib
INFO: [VRFC 10-3107] analyzing entity 'accumulator_9bit'
INFO: [VRFC 10-163] Analyzing VHDL file "C:/Users/kaden/project_2 - Calculator Datapath/project_2.srcs/sources_1/new/adder_1b.vhd" into library xil_defaultlib
INFO: [VRFC 10-3107] analyzing entity 'adder_1b'
INFO: [VRFC 10-163] Analyzing VHDL file "C:/Users/kaden/project_2 - Calculator Datapath/project_2.srcs/sources_1/new/adder_4b.vhd" into library xil_defaultlib
INFO: [VRFC 10-3107] analyzing entity 'adder_4b'
INFO: [VRFC 10-163] Analyzing VHDL file "C:/Users/kaden/project_2 - Calculator Datapath/project_2.srcs/sources_1/new/adder_8b.vhd" into library xil_defaultlib
INFO: [VRFC 10-3107] analyzing entity 'adder_8b'
INFO: [VRFC 10-163] Analyzing VHDL file "C:/Users/kaden/project_3/project_3.srcs/sim_1/new/Calc_SIM.vhd" into library xil_defaultlib
INFO: [VRFC 10-3107] analyzing entity 'Calc_SIM'
